<?xml version="1.0" encoding="UTF-8"?>
<testsuite xmlns:xsi="http://www.w3.org/2001/XMLSchema-instance" xsi:noNamespaceSchemaLocation="https://maven.apache.org/surefire/maven-surefire-plugin/xsd/surefire-test-report-3.0.xsd" version="3.0" name="org.example.CollectionUtilsTest" time="0.143" tests="40" errors="0" skipped="0" failures="0">
  <properties>
    <property name="java.specification.version" value="17"/>
    <property name="sun.cpu.isalist" value="amd64"/>
    <property name="sun.jnu.encoding" value="Cp1251"/>
    <property name="java.class.path" value="D:\Таски\CollectionsLibrary2\target\test-classes;D:\Таски\CollectionsLibrary2\target\classes;C:\Users\Николай\.m2\repository\junit\junit\4.13.2\junit-4.13.2.jar;C:\Users\Николай\.m2\repository\org\hamcrest\hamcrest-core\1.3\hamcrest-core-1.3.jar;C:\Users\Николай\.m2\repository\org\junit\jupiter\junit-jupiter\6.0.0\junit-jupiter-6.0.0.jar;C:\Users\Николай\.m2\repository\org\junit\jupiter\junit-jupiter-api\6.0.0\junit-jupiter-api-6.0.0.jar;C:\Users\Николай\.m2\repository\org\opentest4j\opentest4j\1.3.0\opentest4j-1.3.0.jar;C:\Users\Николай\.m2\repository\org\junit\platform\junit-platform-commons\6.0.0\junit-platform-commons-6.0.0.jar;C:\Users\Николай\.m2\repository\org\apiguardian\apiguardian-api\1.1.2\apiguardian-api-1.1.2.jar;C:\Users\Николай\.m2\repository\org\jspecify\jspecify\1.0.0\jspecify-1.0.0.jar;C:\Users\Николай\.m2\repository\org\junit\jupiter\junit-jupiter-params\6.0.0\junit-jupiter-params-6.0.0.jar;C:\Users\Николай\.m2\repository\org\junit\jupiter\junit-jupiter-engine\6.0.0\junit-jupiter-engine-6.0.0.jar;C:\Users\Николай\.m2\repository\org\junit\platform\junit-platform-engine\6.0.0\junit-platform-engine-6.0.0.jar;"/>
    <property name="java.vm.vendor" value="Oracle Corporation"/>
    <property name="sun.arch.data.model" value="64"/>
    <property name="user.variant" value=""/>
    <property name="java.vendor.url" value="https://java.oracle.com/"/>
    <property name="user.timezone" value="Europe/Moscow"/>
    <property name="os.name" value="Windows 10"/>
    <property name="java.vm.specification.version" value="17"/>
    <property name="sun.java.launcher" value="SUN_STANDARD"/>
    <property name="user.country" value="RU"/>
    <property name="sun.boot.library.path" value="C:\Program Files\Java\jdk-17.0.2\bin"/>
    <property name="sun.java.command" value="C:\Users\Николай\AppData\Local\Temp\surefire14363903716191496895\surefirebooter-20251017201625152_3.jar C:\Users\Николай\AppData\Local\Temp\surefire14363903716191496895 2025-10-17T20-16-23_738-jvmRun1 surefire-20251017201625152_1tmp surefire_0-20251017201625152_2tmp"/>
    <property name="jdk.debug" value="release"/>
    <property name="surefire.test.class.path" value="D:\Таски\CollectionsLibrary2\target\test-classes;D:\Таски\CollectionsLibrary2\target\classes;C:\Users\Николай\.m2\repository\junit\junit\4.13.2\junit-4.13.2.jar;C:\Users\Николай\.m2\repository\org\hamcrest\hamcrest-core\1.3\hamcrest-core-1.3.jar;C:\Users\Николай\.m2\repository\org\junit\jupiter\junit-jupiter\6.0.0\junit-jupiter-6.0.0.jar;C:\Users\Николай\.m2\repository\org\junit\jupiter\junit-jupiter-api\6.0.0\junit-jupiter-api-6.0.0.jar;C:\Users\Николай\.m2\repository\org\opentest4j\opentest4j\1.3.0\opentest4j-1.3.0.jar;C:\Users\Николай\.m2\repository\org\junit\platform\junit-platform-commons\6.0.0\junit-platform-commons-6.0.0.jar;C:\Users\Николай\.m2\repository\org\apiguardian\apiguardian-api\1.1.2\apiguardian-api-1.1.2.jar;C:\Users\Николай\.m2\repository\org\jspecify\jspecify\1.0.0\jspecify-1.0.0.jar;C:\Users\Николай\.m2\repository\org\junit\jupiter\junit-jupiter-params\6.0.0\junit-jupiter-params-6.0.0.jar;C:\Users\Николай\.m2\repository\org\junit\jupiter\junit-jupiter-engine\6.0.0\junit-jupiter-engine-6.0.0.jar;C:\Users\Николай\.m2\repository\org\junit\platform\junit-platform-engine\6.0.0\junit-platform-engine-6.0.0.jar;"/>
    <property name="sun.cpu.endian" value="little"/>
    <property name="user.home" value="C:\Users\Николай"/>
    <property name="user.language" value="ru"/>
    <property name="java.specification.vendor" value="Oracle Corporation"/>
    <property name="java.version.date" value="2022-01-18"/>
    <property name="java.home" value="C:\Program Files\Java\jdk-17.0.2"/>
    <property name="file.separator" value="\"/>
    <property name="basedir" value="D:\Таски\CollectionsLibrary2"/>
    <property name="java.vm.compressedOopsMode" value="Zero based"/>
    <property name="line.separator" value="&#10;"/>
    <property name="java.vm.specification.vendor" value="Oracle Corporation"/>
    <property name="java.specification.name" value="Java Platform API Specification"/>
    <property name="surefire.real.class.path" value="C:\Users\Николай\AppData\Local\Temp\surefire14363903716191496895\surefirebooter-20251017201625152_3.jar"/>
    <property name="user.script" value=""/>
    <property name="sun.management.compiler" value="HotSpot 64-Bit Tiered Compilers"/>
    <property name="java.runtime.version" value="17.0.2+8-LTS-86"/>
    <property name="user.name" value="Николай"/>
    <property name="path.separator" value=";"/>
    <property name="os.version" value="10.0"/>
    <property name="java.runtime.name" value="Java(TM) SE Runtime Environment"/>
    <property name="file.encoding" value="Cp1251"/>
    <property name="java.vm.name" value="Java HotSpot(TM) 64-Bit Server VM"/>
    <property name="localRepository" value="C:\Users\Николай\.m2\repository"/>
    <property name="java.vendor.url.bug" value="https://bugreport.java.com/bugreport/"/>
    <property name="java.io.tmpdir" value="C:\Users\D683~1\AppData\Local\Temp\"/>
    <property name="idea.version" value="2024.2.1"/>
    <property name="java.version" value="17.0.2"/>
    <property name="user.dir" value="D:\Таски\CollectionsLibrary2"/>
    <property name="os.arch" value="amd64"/>
    <property name="java.vm.specification.name" value="Java Virtual Machine Specification"/>
    <property name="sun.os.patch.level" value=""/>
    <property name="native.encoding" value="Cp1251"/>
    <property name="java.library.path" value="C:\Program Files\Java\jdk-17.0.2\bin;C:\WINDOWS\Sun\Java\bin;C:\WINDOWS\system32;C:\WINDOWS;C:\Program Files (x86)\NVIDIA Corporation\PhysX\Common;C:\Program Files\Common Files\Oracle\Java\javapath;C:\Program Files (x86)\Common Files\Oracle\Java\javapath;C:\Windows\system32;C:\Windows;C:\Windows\System32\Wbem;C:\Windows\System32\WindowsPowerShell\v1.0\;C:\Windows\System32\OpenSSH\;C:\Program Files\NVIDIA Corporation\NVIDIA NvDLISR;C:\WINDOWS\system32;C:\WINDOWS;C:\WINDOWS\System32\Wbem;C:\WINDOWS\System32\WindowsPowerShell\v1.0\;C:\WINDOWS\System32\OpenSSH\;C:\Program Files\PowerShell\7\;D:\Windows Kits\10\Windows Performance Toolkit\;D:\;D:\Git\cmd;C:\Users\Николай\AppData\Local\Programs\Python\Launcher\;C:\Users\Николай\AppData\Local\Microsoft\WindowsApps;D:\Latex\miktex\bin\x64\;C:\Users\Николай\AppData\Roaming\npm;."/>
    <property name="java.vm.info" value="mixed mode, sharing"/>
    <property name="java.vendor" value="Oracle Corporation"/>
    <property name="java.vm.version" value="17.0.2+8-LTS-86"/>
    <property name="sun.io.unicode.encoding" value="UnicodeLittle"/>
    <property name="java.class.version" value="61.0"/>
  </properties>
  <testcase name="testWriteOnlyList" classname="org.example.CollectionUtilsTest" time="0.037"/>
  <testcase name="testWriteOnlyMap2" classname="org.example.CollectionUtilsTest" time="0.006"/>
  <testcase name="testWriteOnlySet2" classname="org.example.CollectionUtilsTest" time="0.002"/>
  <testcase name="testSortList" classname="org.example.CollectionUtilsTest" time="0.001"/>
  <testcase name="testEmptyQueue" classname="org.example.CollectionUtilsTest" time="0.003"/>
  <testcase name="testMultipleWrappers" classname="org.example.CollectionUtilsTest" time="0.004"/>
  <testcase name="testReadOnlyQueue_Empty" classname="org.example.CollectionUtilsTest" time="0.001"/>
  <testcase name="testFindAll" classname="org.example.CollectionUtilsTest" time="0.001"/>
  <testcase name="testEmptyList" classname="org.example.CollectionUtilsTest" time="0.001"/>
  <testcase name="testFindAllKeys" classname="org.example.CollectionUtilsTest" time="0.001"/>
  <testcase name="testSingletonMap" classname="org.example.CollectionUtilsTest" time="0.0"/>
  <testcase name="testSingletonSet" classname="org.example.CollectionUtilsTest" time="0.001"/>
  <testcase name="testSortSetNaturalOrder" classname="org.example.CollectionUtilsTest" time="0.001"/>
  <testcase name="testWriteOnlySet2_Empty" classname="org.example.CollectionUtilsTest" time="0.002"/>
  <testcase name="testReadOnlyList2" classname="org.example.CollectionUtilsTest" time="0.001"/>
  <testcase name="testReadOnlyQueue" classname="org.example.CollectionUtilsTest" time="0.001"/>
  <testcase name="testReadOnlySet2_Empty" classname="org.example.CollectionUtilsTest" time="0.002"/>
  <testcase name="testFindFirstKey" classname="org.example.CollectionUtilsTest" time="0.001"/>
  <testcase name="testSortByKey" classname="org.example.CollectionUtilsTest" time="0.003"/>
  <testcase name="testSortByValue" classname="org.example.CollectionUtilsTest" time="0.002"/>
  <testcase name="testFindFirst" classname="org.example.CollectionUtilsTest" time="0.001"/>
  <testcase name="testSingletonList" classname="org.example.CollectionUtilsTest" time="0.0"/>
  <testcase name="testWriteOnlyQueue_Empty" classname="org.example.CollectionUtilsTest" time="0.001"/>
  <testcase name="testReadOnlyMap" classname="org.example.CollectionUtilsTest" time="0.001"/>
  <testcase name="testReadOnlySet" classname="org.example.CollectionUtilsTest" time="0.001"/>
  <testcase name="testWriteOnlyMap2_Empty" classname="org.example.CollectionUtilsTest" time="0.001"/>
  <testcase name="testNullParameters" classname="org.example.CollectionUtilsTest" time="0.003"/>
  <testcase name="testFindAllEntries" classname="org.example.CollectionUtilsTest" time="0.001"/>
  <testcase name="testFindAllValues" classname="org.example.CollectionUtilsTest" time="0.001"/>
  <testcase name="testReadOnlyMapWithDifferentLengths" classname="org.example.CollectionUtilsTest" time="0.001"/>
  <testcase name="testFindFirstEntry" classname="org.example.CollectionUtilsTest" time="0.001"/>
  <testcase name="testFindFirstValue" classname="org.example.CollectionUtilsTest" time="0.001"/>
  <testcase name="testReadOnlyList" classname="org.example.CollectionUtilsTest" time="0.001"/>
  <testcase name="testReadOnlyMap2" classname="org.example.CollectionUtilsTest" time="0.001"/>
  <testcase name="testReadOnlySet2" classname="org.example.CollectionUtilsTest" time="0.0"/>
  <testcase name="testReadOnlyMap2_Empty" classname="org.example.CollectionUtilsTest" time="0.001"/>
  <testcase name="testEmptyMap" classname="org.example.CollectionUtilsTest" time="0.001"/>
  <testcase name="testEmptySet" classname="org.example.CollectionUtilsTest" time="0.001"/>
  <testcase name="testWriteOnlyQueue" classname="org.example.CollectionUtilsTest" time="0.002"/>
  <testcase name="testSortSetWithComparator" classname="org.example.CollectionUtilsTest" time="0.002"/>
</testsuite>